[0.056s] Invoking command in '/opt/my_workspace/ros2-slam-ekf-application/ros2_ws/build/my_slam': CMAKE_PREFIX_PATH=/opt/ros/foxy /usr/bin/cmake /opt/my_workspace/ros2-slam-ekf-application/ros2_ws/src/my_slam -DCMAKE_INSTALL_PREFIX=/opt/my_workspace/ros2-slam-ekf-application/ros2_ws/install/my_slam
[0.565s] -- The C compiler identification is GNU 9.4.0
[0.868s] -- The CXX compiler identification is GNU 9.4.0
[0.900s] -- Check for working C compiler: /usr/bin/cc
[1.094s] -- Check for working C compiler: /usr/bin/cc -- works
[1.095s] -- Detecting C compiler ABI info
[1.210s] -- Detecting C compiler ABI info - done
[1.232s] -- Detecting C compile features
[1.233s] -- Detecting C compile features - done
[1.237s] -- Check for working CXX compiler: /usr/bin/c++
[1.319s] -- Check for working CXX compiler: /usr/bin/c++ -- works
[1.321s] -- Detecting CXX compiler ABI info
[1.432s] -- Detecting CXX compiler ABI info - done
[1.452s] -- Detecting CXX compile features
[1.453s] -- Detecting CXX compile features - done
[1.472s] -- Found ament_cmake: 0.9.9 (/opt/ros/foxy/share/ament_cmake/cmake)
[1.564s] -- Found PythonInterp: /usr/bin/python3 (found suitable version "3.8.10", minimum required is "3") 
[1.564s] -- Using PYTHON_EXECUTABLE: /usr/bin/python3
[1.999s] -- Found rclcpp: 2.4.1 (/opt/ros/foxy/share/rclcpp/cmake)
[2.248s] -- Using all available rosidl_typesupport_c: rosidl_typesupport_fastrtps_c;rosidl_typesupport_introspection_c
[2.281s] -- Found rosidl_adapter: 1.2.1 (/opt/ros/foxy/share/rosidl_adapter/cmake)
[2.573s] -- Found OpenSSL: /usr/lib/x86_64-linux-gnu/libcrypto.so (found version "1.1.1f")  
[2.642s] -- Found FastRTPS: /opt/ros/foxy/include  
[2.784s] -- Using all available rosidl_typesupport_cpp: rosidl_typesupport_fastrtps_cpp;rosidl_typesupport_introspection_cpp
[2.917s] -- Found rmw_implementation_cmake: 1.0.3 (/opt/ros/foxy/share/rmw_implementation_cmake/cmake)
[2.920s] -- Using RMW implementation 'rmw_fastrtps_cpp' as default
[2.944s] -- Looking for pthread.h
[3.051s] -- Looking for pthread.h - found
[3.051s] -- Performing Test CMAKE_HAVE_LIBC_PTHREAD
[3.153s] -- Performing Test CMAKE_HAVE_LIBC_PTHREAD - Failed
[3.153s] -- Looking for pthread_create in pthreads
[3.260s] -- Looking for pthread_create in pthreads - not found
[3.260s] -- Looking for pthread_create in pthread
[3.364s] -- Looking for pthread_create in pthread - found
[3.365s] -- Found Threads: TRUE  
[3.755s] -- Found ament_lint_auto: 0.9.6 (/opt/ros/foxy/share/ament_lint_auto/cmake)
[3.914s] -- Added test 'copyright' to check source files copyright and LICENSE
[3.916s] -- Added test 'lint_cmake' to check CMake code style
[3.917s] -- Added test 'xmllint' to check XML markup files
[3.920s] -- Configuring done
[3.923s] -- Generating done
[3.925s] -- Build files have been written to: /opt/my_workspace/ros2-slam-ekf-application/ros2_ws/build/my_slam
[3.933s] Invoked command in '/opt/my_workspace/ros2-slam-ekf-application/ros2_ws/build/my_slam' returned '0': CMAKE_PREFIX_PATH=/opt/ros/foxy /usr/bin/cmake /opt/my_workspace/ros2-slam-ekf-application/ros2_ws/src/my_slam -DCMAKE_INSTALL_PREFIX=/opt/my_workspace/ros2-slam-ekf-application/ros2_ws/install/my_slam
[3.938s] Invoking command in '/opt/my_workspace/ros2-slam-ekf-application/ros2_ws/build/my_slam': CMAKE_PREFIX_PATH=/opt/ros/foxy /usr/bin/cmake --build /opt/my_workspace/ros2-slam-ekf-application/ros2_ws/build/my_slam -- -j12 -l12
[3.986s] Invoked command in '/opt/my_workspace/ros2-slam-ekf-application/ros2_ws/build/my_slam' returned '0': CMAKE_PREFIX_PATH=/opt/ros/foxy /usr/bin/cmake --build /opt/my_workspace/ros2-slam-ekf-application/ros2_ws/build/my_slam -- -j12 -l12
[4.030s] Invoking command in '/opt/my_workspace/ros2-slam-ekf-application/ros2_ws/build/my_slam': CMAKE_PREFIX_PATH=/opt/ros/foxy /usr/bin/cmake --install /opt/my_workspace/ros2-slam-ekf-application/ros2_ws/build/my_slam
[4.040s] -- Install configuration: ""
[4.040s] -- Installing: /opt/my_workspace/ros2-slam-ekf-application/ros2_ws/install/my_slam/share/ament_index/resource_index/package_run_dependencies/my_slam
[4.040s] -- Installing: /opt/my_workspace/ros2-slam-ekf-application/ros2_ws/install/my_slam/share/ament_index/resource_index/parent_prefix_path/my_slam
[4.041s] -- Installing: /opt/my_workspace/ros2-slam-ekf-application/ros2_ws/install/my_slam/share/my_slam/environment/ament_prefix_path.sh
[4.041s] -- Installing: /opt/my_workspace/ros2-slam-ekf-application/ros2_ws/install/my_slam/share/my_slam/environment/ament_prefix_path.dsv
[4.041s] -- Installing: /opt/my_workspace/ros2-slam-ekf-application/ros2_ws/install/my_slam/share/my_slam/environment/path.sh
[4.042s] -- Installing: /opt/my_workspace/ros2-slam-ekf-application/ros2_ws/install/my_slam/share/my_slam/environment/path.dsv
[4.043s] -- Installing: /opt/my_workspace/ros2-slam-ekf-application/ros2_ws/install/my_slam/share/my_slam/local_setup.bash
[4.045s] -- Installing: /opt/my_workspace/ros2-slam-ekf-application/ros2_ws/install/my_slam/share/my_slam/local_setup.sh
[4.046s] -- Installing: /opt/my_workspace/ros2-slam-ekf-application/ros2_ws/install/my_slam/share/my_slam/local_setup.zsh
[4.046s] -- Installing: /opt/my_workspace/ros2-slam-ekf-application/ros2_ws/install/my_slam/share/my_slam/local_setup.dsv
[4.046s] -- Installing: /opt/my_workspace/ros2-slam-ekf-application/ros2_ws/install/my_slam/share/my_slam/package.dsv
[4.046s] -- Installing: /opt/my_workspace/ros2-slam-ekf-application/ros2_ws/install/my_slam/share/ament_index/resource_index/packages/my_slam
[4.046s] -- Installing: /opt/my_workspace/ros2-slam-ekf-application/ros2_ws/install/my_slam/share/my_slam/cmake/my_slamConfig.cmake
[4.047s] -- Installing: /opt/my_workspace/ros2-slam-ekf-application/ros2_ws/install/my_slam/share/my_slam/cmake/my_slamConfig-version.cmake
[4.048s] -- Installing: /opt/my_workspace/ros2-slam-ekf-application/ros2_ws/install/my_slam/share/my_slam/package.xml
[4.050s] Invoked command in '/opt/my_workspace/ros2-slam-ekf-application/ros2_ws/build/my_slam' returned '0': CMAKE_PREFIX_PATH=/opt/ros/foxy /usr/bin/cmake --install /opt/my_workspace/ros2-slam-ekf-application/ros2_ws/build/my_slam
