[0.063s] Invoking command in '/opt/my_workspace/ros2-slam-ekf-application/ros2_ws/build/my_ekf': CMAKE_PREFIX_PATH=/opt/ros/foxy /usr/bin/cmake /opt/my_workspace/ros2-slam-ekf-application/ros2_ws/src/my_ekf -DCMAKE_INSTALL_PREFIX=/opt/my_workspace/ros2-slam-ekf-application/ros2_ws/install/my_ekf
[0.586s] -- The C compiler identification is GNU 9.4.0
[0.888s] -- The CXX compiler identification is GNU 9.4.0
[0.920s] -- Check for working C compiler: /usr/bin/cc
[1.117s] -- Check for working C compiler: /usr/bin/cc -- works
[1.118s] -- Detecting C compiler ABI info
[1.234s] -- Detecting C compiler ABI info - done
[1.252s] -- Detecting C compile features
[1.253s] -- Detecting C compile features - done
[1.256s] -- Check for working CXX compiler: /usr/bin/c++
[1.352s] -- Check for working CXX compiler: /usr/bin/c++ -- works
[1.355s] -- Detecting CXX compiler ABI info
[1.448s] -- Detecting CXX compiler ABI info - done
[1.463s] -- Detecting CXX compile features
[1.464s] -- Detecting CXX compile features - done
[1.492s] -- Found ament_cmake: 0.9.9 (/opt/ros/foxy/share/ament_cmake/cmake)
[1.584s] -- Found PythonInterp: /usr/bin/python3 (found suitable version "3.8.10", minimum required is "3") 
[1.585s] -- Using PYTHON_EXECUTABLE: /usr/bin/python3
[2.019s] -- Found rclcpp: 2.4.1 (/opt/ros/foxy/share/rclcpp/cmake)
[2.268s] -- Using all available rosidl_typesupport_c: rosidl_typesupport_fastrtps_c;rosidl_typesupport_introspection_c
[2.299s] -- Found rosidl_adapter: 1.2.1 (/opt/ros/foxy/share/rosidl_adapter/cmake)
[2.596s] -- Found OpenSSL: /usr/lib/x86_64-linux-gnu/libcrypto.so (found version "1.1.1f")  
[2.658s] -- Found FastRTPS: /opt/ros/foxy/include  
[2.802s] -- Using all available rosidl_typesupport_cpp: rosidl_typesupport_fastrtps_cpp;rosidl_typesupport_introspection_cpp
[2.937s] -- Found rmw_implementation_cmake: 1.0.3 (/opt/ros/foxy/share/rmw_implementation_cmake/cmake)
[2.940s] -- Using RMW implementation 'rmw_fastrtps_cpp' as default
[2.963s] -- Looking for pthread.h
[3.059s] -- Looking for pthread.h - found
[3.060s] -- Performing Test CMAKE_HAVE_LIBC_PTHREAD
[3.171s] -- Performing Test CMAKE_HAVE_LIBC_PTHREAD - Failed
[3.172s] -- Looking for pthread_create in pthreads
[3.281s] -- Looking for pthread_create in pthreads - not found
[3.281s] -- Looking for pthread_create in pthread
[3.385s] -- Looking for pthread_create in pthread - found
[3.386s] -- Found Threads: TRUE  
[3.777s] -- Found ament_lint_auto: 0.9.6 (/opt/ros/foxy/share/ament_lint_auto/cmake)
[3.936s] -- Added test 'copyright' to check source files copyright and LICENSE
[3.940s] -- Added test 'lint_cmake' to check CMake code style
[3.941s] -- Added test 'xmllint' to check XML markup files
[3.944s] -- Configuring done
[3.947s] -- Generating done
[3.949s] -- Build files have been written to: /opt/my_workspace/ros2-slam-ekf-application/ros2_ws/build/my_ekf
[3.970s] Invoked command in '/opt/my_workspace/ros2-slam-ekf-application/ros2_ws/build/my_ekf' returned '0': CMAKE_PREFIX_PATH=/opt/ros/foxy /usr/bin/cmake /opt/my_workspace/ros2-slam-ekf-application/ros2_ws/src/my_ekf -DCMAKE_INSTALL_PREFIX=/opt/my_workspace/ros2-slam-ekf-application/ros2_ws/install/my_ekf
[3.973s] Invoking command in '/opt/my_workspace/ros2-slam-ekf-application/ros2_ws/build/my_ekf': CMAKE_PREFIX_PATH=/opt/ros/foxy /usr/bin/cmake --build /opt/my_workspace/ros2-slam-ekf-application/ros2_ws/build/my_ekf -- -j12 -l12
[4.031s] Invoked command in '/opt/my_workspace/ros2-slam-ekf-application/ros2_ws/build/my_ekf' returned '0': CMAKE_PREFIX_PATH=/opt/ros/foxy /usr/bin/cmake --build /opt/my_workspace/ros2-slam-ekf-application/ros2_ws/build/my_ekf -- -j12 -l12
[4.069s] Invoking command in '/opt/my_workspace/ros2-slam-ekf-application/ros2_ws/build/my_ekf': CMAKE_PREFIX_PATH=/opt/ros/foxy /usr/bin/cmake --install /opt/my_workspace/ros2-slam-ekf-application/ros2_ws/build/my_ekf
[4.075s] -- Install configuration: ""
[4.075s] -- Installing: /opt/my_workspace/ros2-slam-ekf-application/ros2_ws/install/my_ekf/share/ament_index/resource_index/package_run_dependencies/my_ekf
[4.075s] -- Installing: /opt/my_workspace/ros2-slam-ekf-application/ros2_ws/install/my_ekf/share/ament_index/resource_index/parent_prefix_path/my_ekf
[4.076s] -- Installing: /opt/my_workspace/ros2-slam-ekf-application/ros2_ws/install/my_ekf/share/my_ekf/environment/ament_prefix_path.sh
[4.076s] -- Installing: /opt/my_workspace/ros2-slam-ekf-application/ros2_ws/install/my_ekf/share/my_ekf/environment/ament_prefix_path.dsv
[4.076s] -- Installing: /opt/my_workspace/ros2-slam-ekf-application/ros2_ws/install/my_ekf/share/my_ekf/environment/path.sh
[4.076s] -- Installing: /opt/my_workspace/ros2-slam-ekf-application/ros2_ws/install/my_ekf/share/my_ekf/environment/path.dsv
[4.076s] -- Installing: /opt/my_workspace/ros2-slam-ekf-application/ros2_ws/install/my_ekf/share/my_ekf/local_setup.bash
[4.076s] -- Installing: /opt/my_workspace/ros2-slam-ekf-application/ros2_ws/install/my_ekf/share/my_ekf/local_setup.sh
[4.077s] -- Installing: /opt/my_workspace/ros2-slam-ekf-application/ros2_ws/install/my_ekf/share/my_ekf/local_setup.zsh
[4.077s] -- Installing: /opt/my_workspace/ros2-slam-ekf-application/ros2_ws/install/my_ekf/share/my_ekf/local_setup.dsv
[4.077s] -- Installing: /opt/my_workspace/ros2-slam-ekf-application/ros2_ws/install/my_ekf/share/my_ekf/package.dsv
[4.077s] -- Installing: /opt/my_workspace/ros2-slam-ekf-application/ros2_ws/install/my_ekf/share/ament_index/resource_index/packages/my_ekf
[4.077s] -- Installing: /opt/my_workspace/ros2-slam-ekf-application/ros2_ws/install/my_ekf/share/my_ekf/cmake/my_ekfConfig.cmake
[4.077s] -- Installing: /opt/my_workspace/ros2-slam-ekf-application/ros2_ws/install/my_ekf/share/my_ekf/cmake/my_ekfConfig-version.cmake
[4.078s] -- Installing: /opt/my_workspace/ros2-slam-ekf-application/ros2_ws/install/my_ekf/share/my_ekf/package.xml
[4.185s] Invoked command in '/opt/my_workspace/ros2-slam-ekf-application/ros2_ws/build/my_ekf' returned '0': CMAKE_PREFIX_PATH=/opt/ros/foxy /usr/bin/cmake --install /opt/my_workspace/ros2-slam-ekf-application/ros2_ws/build/my_ekf
