[0.249s] DEBUG:colcon:Command line arguments: ['/usr/bin/colcon', 'build']
[0.249s] DEBUG:colcon:Parsed command line arguments: Namespace(allow_overriding=[], ament_cmake_args=None, base_paths=['.'], build_base='build', catkin_cmake_args=None, catkin_skip_building_tests=False, cmake_args=None, cmake_clean_cache=False, cmake_clean_first=False, cmake_force_configure=False, cmake_target=None, cmake_target_skip_unavailable=False, continue_on_error=False, event_handlers=None, executor='parallel', ignore_user_meta=False, install_base='install', log_base=None, log_level=None, main=<bound method BuildVerb.main of <colcon_core.verb.build.BuildVerb object at 0x7fbabfff3a60>>, merge_install=False, metas=['./colcon.meta'], packages_above=None, packages_above_and_dependencies=None, packages_above_depth=None, packages_end=None, packages_ignore=None, packages_ignore_regex=None, packages_select=None, packages_select_build_failed=False, packages_select_by_dep=None, packages_select_regex=None, packages_select_test_failures=False, packages_skip=None, packages_skip_build_finished=False, packages_skip_by_dep=None, packages_skip_regex=None, packages_skip_test_passed=False, packages_skip_up_to=None, packages_start=None, packages_up_to=None, packages_up_to_regex=None, parallel_workers=12, paths=None, symlink_install=False, test_result_base=None, verb_extension=<colcon_core.verb.build.BuildVerb object at 0x7fbabfff3a60>, verb_name='build', verb_parser=<colcon_defaults.argument_parser.defaults.DefaultArgumentsDecorator object at 0x7fbabfffc040>)
[0.273s] Level 1:colcon.colcon_core.package_discovery:discover_packages(colcon_meta) check parameters
[0.273s] Level 1:colcon.colcon_core.package_discovery:discover_packages(recursive) check parameters
[0.273s] Level 1:colcon.colcon_core.package_discovery:discover_packages(ignore) check parameters
[0.273s] Level 1:colcon.colcon_core.package_discovery:discover_packages(path) check parameters
[0.273s] Level 1:colcon.colcon_core.package_discovery:discover_packages(colcon_meta) discover
[0.273s] Level 1:colcon.colcon_core.package_discovery:discover_packages(recursive) discover
[0.273s] INFO:colcon.colcon_core.package_discovery:Crawling recursively for packages in '/opt/my_workspace/ros2-slam-ekf-application/ros2_ws'
[0.274s] Level 1:colcon.colcon_core.package_identification:_identify(.) by extensions ['ignore', 'ignore_ament_install']
[0.274s] Level 1:colcon.colcon_core.package_identification:_identify(.) by extension 'ignore'
[0.274s] Level 1:colcon.colcon_core.package_identification:_identify(.) by extension 'ignore_ament_install'
[0.274s] Level 1:colcon.colcon_core.package_identification:_identify(.) by extensions ['colcon_pkg']
[0.274s] Level 1:colcon.colcon_core.package_identification:_identify(.) by extension 'colcon_pkg'
[0.274s] Level 1:colcon.colcon_core.package_identification:_identify(.) by extensions ['colcon_meta']
[0.274s] Level 1:colcon.colcon_core.package_identification:_identify(.) by extension 'colcon_meta'
[0.274s] Level 1:colcon.colcon_core.package_identification:_identify(.) by extensions ['ros']
[0.274s] Level 1:colcon.colcon_core.package_identification:_identify(.) by extension 'ros'
[0.285s] Level 1:colcon.colcon_core.package_identification:_identify(.) by extensions ['cmake', 'python']
[0.286s] Level 1:colcon.colcon_core.package_identification:_identify(.) by extension 'cmake'
[0.286s] Level 1:colcon.colcon_core.package_identification:_identify(.) by extension 'python'
[0.286s] Level 1:colcon.colcon_core.package_identification:_identify(.) by extensions ['python_setup_py']
[0.286s] Level 1:colcon.colcon_core.package_identification:_identify(.) by extension 'python_setup_py'
[0.286s] Level 1:colcon.colcon_core.package_identification:_identify(build) by extensions ['ignore', 'ignore_ament_install']
[0.286s] Level 1:colcon.colcon_core.package_identification:_identify(build) by extension 'ignore'
[0.286s] Level 1:colcon.colcon_core.package_identification:_identify(build) ignored
[0.286s] Level 1:colcon.colcon_core.package_identification:_identify(install) by extensions ['ignore', 'ignore_ament_install']
[0.286s] Level 1:colcon.colcon_core.package_identification:_identify(install) by extension 'ignore'
[0.286s] Level 1:colcon.colcon_core.package_identification:_identify(install) ignored
[0.286s] Level 1:colcon.colcon_core.package_identification:_identify(log) by extensions ['ignore', 'ignore_ament_install']
[0.286s] Level 1:colcon.colcon_core.package_identification:_identify(log) by extension 'ignore'
[0.286s] Level 1:colcon.colcon_core.package_identification:_identify(log) ignored
[0.286s] Level 1:colcon.colcon_core.package_identification:_identify(src) by extensions ['ignore', 'ignore_ament_install']
[0.287s] Level 1:colcon.colcon_core.package_identification:_identify(src) by extension 'ignore'
[0.287s] Level 1:colcon.colcon_core.package_identification:_identify(src) by extension 'ignore_ament_install'
[0.287s] Level 1:colcon.colcon_core.package_identification:_identify(src) by extensions ['colcon_pkg']
[0.287s] Level 1:colcon.colcon_core.package_identification:_identify(src) by extension 'colcon_pkg'
[0.287s] Level 1:colcon.colcon_core.package_identification:_identify(src) by extensions ['colcon_meta']
[0.287s] Level 1:colcon.colcon_core.package_identification:_identify(src) by extension 'colcon_meta'
[0.287s] Level 1:colcon.colcon_core.package_identification:_identify(src) by extensions ['ros']
[0.287s] Level 1:colcon.colcon_core.package_identification:_identify(src) by extension 'ros'
[0.287s] Level 1:colcon.colcon_core.package_identification:_identify(src) by extensions ['cmake', 'python']
[0.287s] Level 1:colcon.colcon_core.package_identification:_identify(src) by extension 'cmake'
[0.287s] Level 1:colcon.colcon_core.package_identification:_identify(src) by extension 'python'
[0.287s] Level 1:colcon.colcon_core.package_identification:_identify(src) by extensions ['python_setup_py']
[0.287s] Level 1:colcon.colcon_core.package_identification:_identify(src) by extension 'python_setup_py'
[0.287s] Level 1:colcon.colcon_core.package_identification:_identify(src/chcv_msgs) by extensions ['ignore', 'ignore_ament_install']
[0.287s] Level 1:colcon.colcon_core.package_identification:_identify(src/chcv_msgs) by extension 'ignore'
[0.287s] Level 1:colcon.colcon_core.package_identification:_identify(src/chcv_msgs) by extension 'ignore_ament_install'
[0.287s] Level 1:colcon.colcon_core.package_identification:_identify(src/chcv_msgs) by extensions ['colcon_pkg']
[0.288s] Level 1:colcon.colcon_core.package_identification:_identify(src/chcv_msgs) by extension 'colcon_pkg'
[0.288s] Level 1:colcon.colcon_core.package_identification:_identify(src/chcv_msgs) by extensions ['colcon_meta']
[0.288s] Level 1:colcon.colcon_core.package_identification:_identify(src/chcv_msgs) by extension 'colcon_meta'
[0.288s] Level 1:colcon.colcon_core.package_identification:_identify(src/chcv_msgs) by extensions ['ros']
[0.288s] Level 1:colcon.colcon_core.package_identification:_identify(src/chcv_msgs) by extension 'ros'
[0.290s] DEBUG:colcon.colcon_core.package_identification:Package 'src/chcv_msgs' with type 'ros.ament_cmake' and name 'chcv_msgs'
[0.290s] Level 1:colcon.colcon_core.package_identification:_identify(src/my_ekf) by extensions ['ignore', 'ignore_ament_install']
[0.290s] Level 1:colcon.colcon_core.package_identification:_identify(src/my_ekf) by extension 'ignore'
[0.290s] Level 1:colcon.colcon_core.package_identification:_identify(src/my_ekf) by extension 'ignore_ament_install'
[0.290s] Level 1:colcon.colcon_core.package_identification:_identify(src/my_ekf) by extensions ['colcon_pkg']
[0.290s] Level 1:colcon.colcon_core.package_identification:_identify(src/my_ekf) by extension 'colcon_pkg'
[0.290s] Level 1:colcon.colcon_core.package_identification:_identify(src/my_ekf) by extensions ['colcon_meta']
[0.290s] Level 1:colcon.colcon_core.package_identification:_identify(src/my_ekf) by extension 'colcon_meta'
[0.291s] Level 1:colcon.colcon_core.package_identification:_identify(src/my_ekf) by extensions ['ros']
[0.291s] Level 1:colcon.colcon_core.package_identification:_identify(src/my_ekf) by extension 'ros'
[0.291s] DEBUG:colcon.colcon_core.package_identification:Package 'src/my_ekf' with type 'ros.ament_cmake' and name 'my_ekf'
[0.291s] Level 1:colcon.colcon_core.package_identification:_identify(src/my_scanmatching) by extensions ['ignore', 'ignore_ament_install']
[0.291s] Level 1:colcon.colcon_core.package_identification:_identify(src/my_scanmatching) by extension 'ignore'
[0.291s] Level 1:colcon.colcon_core.package_identification:_identify(src/my_scanmatching) by extension 'ignore_ament_install'
[0.291s] Level 1:colcon.colcon_core.package_identification:_identify(src/my_scanmatching) by extensions ['colcon_pkg']
[0.291s] Level 1:colcon.colcon_core.package_identification:_identify(src/my_scanmatching) by extension 'colcon_pkg'
[0.292s] Level 1:colcon.colcon_core.package_identification:_identify(src/my_scanmatching) by extensions ['colcon_meta']
[0.292s] Level 1:colcon.colcon_core.package_identification:_identify(src/my_scanmatching) by extension 'colcon_meta'
[0.292s] Level 1:colcon.colcon_core.package_identification:_identify(src/my_scanmatching) by extensions ['ros']
[0.292s] Level 1:colcon.colcon_core.package_identification:_identify(src/my_scanmatching) by extension 'ros'
[0.292s] DEBUG:colcon.colcon_core.package_identification:Package 'src/my_scanmatching' with type 'ros.ament_cmake' and name 'my_scanmatching'
[0.292s] Level 1:colcon.colcon_core.package_identification:_identify(src/my_slam) by extensions ['ignore', 'ignore_ament_install']
[0.292s] Level 1:colcon.colcon_core.package_identification:_identify(src/my_slam) by extension 'ignore'
[0.292s] Level 1:colcon.colcon_core.package_identification:_identify(src/my_slam) by extension 'ignore_ament_install'
[0.293s] Level 1:colcon.colcon_core.package_identification:_identify(src/my_slam) by extensions ['colcon_pkg']
[0.293s] Level 1:colcon.colcon_core.package_identification:_identify(src/my_slam) by extension 'colcon_pkg'
[0.293s] Level 1:colcon.colcon_core.package_identification:_identify(src/my_slam) by extensions ['colcon_meta']
[0.293s] Level 1:colcon.colcon_core.package_identification:_identify(src/my_slam) by extension 'colcon_meta'
[0.293s] Level 1:colcon.colcon_core.package_identification:_identify(src/my_slam) by extensions ['ros']
[0.293s] Level 1:colcon.colcon_core.package_identification:_identify(src/my_slam) by extension 'ros'
[0.293s] DEBUG:colcon.colcon_core.package_identification:Package 'src/my_slam' with type 'ros.ament_cmake' and name 'my_slam'
[0.293s] Level 1:colcon.colcon_core.package_discovery:discover_packages(recursive) using defaults
[0.293s] Level 1:colcon.colcon_core.package_discovery:discover_packages(ignore) discover
[0.293s] Level 1:colcon.colcon_core.package_discovery:discover_packages(ignore) using defaults
[0.293s] Level 1:colcon.colcon_core.package_discovery:discover_packages(path) discover
[0.294s] Level 1:colcon.colcon_core.package_discovery:discover_packages(path) using defaults
[0.316s] Level 1:colcon.colcon_core.package_discovery:discover_packages(prefix_path) check parameters
[0.316s] Level 1:colcon.colcon_core.package_discovery:discover_packages(prefix_path) discover
[0.327s] DEBUG:colcon.colcon_installed_package_information.package_discovery:Found 351 installed packages in /opt/ros/foxy
[0.343s] Level 1:colcon.colcon_core.package_discovery:discover_packages(prefix_path) using defaults
[0.860s] Level 5:colcon.colcon_core.verb:set package 'chcv_msgs' build argument 'cmake_args' from command line to 'None'
[0.860s] Level 5:colcon.colcon_core.verb:set package 'chcv_msgs' build argument 'cmake_target' from command line to 'None'
[0.860s] Level 5:colcon.colcon_core.verb:set package 'chcv_msgs' build argument 'cmake_target_skip_unavailable' from command line to 'False'
[0.860s] Level 5:colcon.colcon_core.verb:set package 'chcv_msgs' build argument 'cmake_clean_cache' from command line to 'False'
[0.860s] Level 5:colcon.colcon_core.verb:set package 'chcv_msgs' build argument 'cmake_clean_first' from command line to 'False'
[0.860s] Level 5:colcon.colcon_core.verb:set package 'chcv_msgs' build argument 'cmake_force_configure' from command line to 'False'
[0.860s] Level 5:colcon.colcon_core.verb:set package 'chcv_msgs' build argument 'ament_cmake_args' from command line to 'None'
[0.860s] Level 5:colcon.colcon_core.verb:set package 'chcv_msgs' build argument 'catkin_cmake_args' from command line to 'None'
[0.860s] Level 5:colcon.colcon_core.verb:set package 'chcv_msgs' build argument 'catkin_skip_building_tests' from command line to 'False'
[0.860s] DEBUG:colcon.colcon_core.verb:Building package 'chcv_msgs' with the following arguments: {'ament_cmake_args': None, 'build_base': '/opt/my_workspace/ros2-slam-ekf-application/ros2_ws/build/chcv_msgs', 'catkin_cmake_args': None, 'catkin_skip_building_tests': False, 'cmake_args': None, 'cmake_clean_cache': False, 'cmake_clean_first': False, 'cmake_force_configure': False, 'cmake_target': None, 'cmake_target_skip_unavailable': False, 'install_base': '/opt/my_workspace/ros2-slam-ekf-application/ros2_ws/install/chcv_msgs', 'merge_install': False, 'path': '/opt/my_workspace/ros2-slam-ekf-application/ros2_ws/src/chcv_msgs', 'symlink_install': False, 'test_result_base': None}
[0.861s] Level 5:colcon.colcon_core.verb:set package 'my_ekf' build argument 'cmake_args' from command line to 'None'
[0.861s] Level 5:colcon.colcon_core.verb:set package 'my_ekf' build argument 'cmake_target' from command line to 'None'
[0.861s] Level 5:colcon.colcon_core.verb:set package 'my_ekf' build argument 'cmake_target_skip_unavailable' from command line to 'False'
[0.861s] Level 5:colcon.colcon_core.verb:set package 'my_ekf' build argument 'cmake_clean_cache' from command line to 'False'
[0.861s] Level 5:colcon.colcon_core.verb:set package 'my_ekf' build argument 'cmake_clean_first' from command line to 'False'
[0.861s] Level 5:colcon.colcon_core.verb:set package 'my_ekf' build argument 'cmake_force_configure' from command line to 'False'
[0.861s] Level 5:colcon.colcon_core.verb:set package 'my_ekf' build argument 'ament_cmake_args' from command line to 'None'
[0.861s] Level 5:colcon.colcon_core.verb:set package 'my_ekf' build argument 'catkin_cmake_args' from command line to 'None'
[0.861s] Level 5:colcon.colcon_core.verb:set package 'my_ekf' build argument 'catkin_skip_building_tests' from command line to 'False'
[0.861s] DEBUG:colcon.colcon_core.verb:Building package 'my_ekf' with the following arguments: {'ament_cmake_args': None, 'build_base': '/opt/my_workspace/ros2-slam-ekf-application/ros2_ws/build/my_ekf', 'catkin_cmake_args': None, 'catkin_skip_building_tests': False, 'cmake_args': None, 'cmake_clean_cache': False, 'cmake_clean_first': False, 'cmake_force_configure': False, 'cmake_target': None, 'cmake_target_skip_unavailable': False, 'install_base': '/opt/my_workspace/ros2-slam-ekf-application/ros2_ws/install/my_ekf', 'merge_install': False, 'path': '/opt/my_workspace/ros2-slam-ekf-application/ros2_ws/src/my_ekf', 'symlink_install': False, 'test_result_base': None}
[0.862s] Level 5:colcon.colcon_core.verb:set package 'my_scanmatching' build argument 'cmake_args' from command line to 'None'
[0.862s] Level 5:colcon.colcon_core.verb:set package 'my_scanmatching' build argument 'cmake_target' from command line to 'None'
[0.862s] Level 5:colcon.colcon_core.verb:set package 'my_scanmatching' build argument 'cmake_target_skip_unavailable' from command line to 'False'
[0.862s] Level 5:colcon.colcon_core.verb:set package 'my_scanmatching' build argument 'cmake_clean_cache' from command line to 'False'
[0.862s] Level 5:colcon.colcon_core.verb:set package 'my_scanmatching' build argument 'cmake_clean_first' from command line to 'False'
[0.862s] Level 5:colcon.colcon_core.verb:set package 'my_scanmatching' build argument 'cmake_force_configure' from command line to 'False'
[0.862s] Level 5:colcon.colcon_core.verb:set package 'my_scanmatching' build argument 'ament_cmake_args' from command line to 'None'
[0.862s] Level 5:colcon.colcon_core.verb:set package 'my_scanmatching' build argument 'catkin_cmake_args' from command line to 'None'
[0.862s] Level 5:colcon.colcon_core.verb:set package 'my_scanmatching' build argument 'catkin_skip_building_tests' from command line to 'False'
[0.862s] DEBUG:colcon.colcon_core.verb:Building package 'my_scanmatching' with the following arguments: {'ament_cmake_args': None, 'build_base': '/opt/my_workspace/ros2-slam-ekf-application/ros2_ws/build/my_scanmatching', 'catkin_cmake_args': None, 'catkin_skip_building_tests': False, 'cmake_args': None, 'cmake_clean_cache': False, 'cmake_clean_first': False, 'cmake_force_configure': False, 'cmake_target': None, 'cmake_target_skip_unavailable': False, 'install_base': '/opt/my_workspace/ros2-slam-ekf-application/ros2_ws/install/my_scanmatching', 'merge_install': False, 'path': '/opt/my_workspace/ros2-slam-ekf-application/ros2_ws/src/my_scanmatching', 'symlink_install': False, 'test_result_base': None}
[0.863s] Level 5:colcon.colcon_core.verb:set package 'my_slam' build argument 'cmake_args' from command line to 'None'
[0.863s] Level 5:colcon.colcon_core.verb:set package 'my_slam' build argument 'cmake_target' from command line to 'None'
[0.863s] Level 5:colcon.colcon_core.verb:set package 'my_slam' build argument 'cmake_target_skip_unavailable' from command line to 'False'
[0.863s] Level 5:colcon.colcon_core.verb:set package 'my_slam' build argument 'cmake_clean_cache' from command line to 'False'
[0.863s] Level 5:colcon.colcon_core.verb:set package 'my_slam' build argument 'cmake_clean_first' from command line to 'False'
[0.863s] Level 5:colcon.colcon_core.verb:set package 'my_slam' build argument 'cmake_force_configure' from command line to 'False'
[0.863s] Level 5:colcon.colcon_core.verb:set package 'my_slam' build argument 'ament_cmake_args' from command line to 'None'
[0.863s] Level 5:colcon.colcon_core.verb:set package 'my_slam' build argument 'catkin_cmake_args' from command line to 'None'
[0.863s] Level 5:colcon.colcon_core.verb:set package 'my_slam' build argument 'catkin_skip_building_tests' from command line to 'False'
[0.863s] DEBUG:colcon.colcon_core.verb:Building package 'my_slam' with the following arguments: {'ament_cmake_args': None, 'build_base': '/opt/my_workspace/ros2-slam-ekf-application/ros2_ws/build/my_slam', 'catkin_cmake_args': None, 'catkin_skip_building_tests': False, 'cmake_args': None, 'cmake_clean_cache': False, 'cmake_clean_first': False, 'cmake_force_configure': False, 'cmake_target': None, 'cmake_target_skip_unavailable': False, 'install_base': '/opt/my_workspace/ros2-slam-ekf-application/ros2_ws/install/my_slam', 'merge_install': False, 'path': '/opt/my_workspace/ros2-slam-ekf-application/ros2_ws/src/my_slam', 'symlink_install': False, 'test_result_base': None}
[0.864s] INFO:colcon.colcon_core.executor:Executing jobs using 'parallel' executor
[0.866s] DEBUG:colcon.colcon_parallel_executor.executor.parallel:run_until_complete
[0.867s] INFO:colcon.colcon_ros.task.ament_cmake.build:Building ROS package in '/opt/my_workspace/ros2-slam-ekf-application/ros2_ws/src/chcv_msgs' with build type 'ament_cmake'
[0.867s] INFO:colcon.colcon_cmake.task.cmake.build:Building CMake package in '/opt/my_workspace/ros2-slam-ekf-application/ros2_ws/src/chcv_msgs'
[0.904s] INFO:colcon.colcon_core.plugin_system:Skipping extension 'colcon_core.shell.bat': Not used on non-Windows systems
[0.904s] INFO:colcon.colcon_core.shell:Skip shell extension 'powershell' for command environment: Not usable outside of PowerShell
[0.905s] DEBUG:colcon.colcon_core.shell:Skip shell extension 'dsv' for command environment
[0.932s] INFO:colcon.colcon_ros.task.ament_cmake.build:Building ROS package in '/opt/my_workspace/ros2-slam-ekf-application/ros2_ws/src/my_ekf' with build type 'ament_cmake'
[0.932s] INFO:colcon.colcon_cmake.task.cmake.build:Building CMake package in '/opt/my_workspace/ros2-slam-ekf-application/ros2_ws/src/my_ekf'
[0.934s] INFO:colcon.colcon_core.shell:Skip shell extension 'powershell' for command environment: Not usable outside of PowerShell
[0.934s] DEBUG:colcon.colcon_core.shell:Skip shell extension 'dsv' for command environment
[0.943s] INFO:colcon.colcon_ros.task.ament_cmake.build:Building ROS package in '/opt/my_workspace/ros2-slam-ekf-application/ros2_ws/src/my_scanmatching' with build type 'ament_cmake'
[0.944s] INFO:colcon.colcon_cmake.task.cmake.build:Building CMake package in '/opt/my_workspace/ros2-slam-ekf-application/ros2_ws/src/my_scanmatching'
[0.944s] INFO:colcon.colcon_core.shell:Skip shell extension 'powershell' for command environment: Not usable outside of PowerShell
[0.944s] DEBUG:colcon.colcon_core.shell:Skip shell extension 'dsv' for command environment
[0.951s] INFO:colcon.colcon_ros.task.ament_cmake.build:Building ROS package in '/opt/my_workspace/ros2-slam-ekf-application/ros2_ws/src/my_slam' with build type 'ament_cmake'
[0.951s] INFO:colcon.colcon_cmake.task.cmake.build:Building CMake package in '/opt/my_workspace/ros2-slam-ekf-application/ros2_ws/src/my_slam'
[0.952s] INFO:colcon.colcon_core.shell:Skip shell extension 'powershell' for command environment: Not usable outside of PowerShell
[0.952s] DEBUG:colcon.colcon_core.shell:Skip shell extension 'dsv' for command environment
[0.966s] DEBUG:colcon.colcon_core.event_handler.log_command:Invoking command in '/opt/my_workspace/ros2-slam-ekf-application/ros2_ws/build/chcv_msgs': CMAKE_PREFIX_PATH=/opt/ros/foxy /usr/bin/cmake /opt/my_workspace/ros2-slam-ekf-application/ros2_ws/src/chcv_msgs -DCMAKE_INSTALL_PREFIX=/opt/my_workspace/ros2-slam-ekf-application/ros2_ws/install/chcv_msgs
[0.996s] DEBUG:colcon.colcon_core.event_handler.log_command:Invoking command in '/opt/my_workspace/ros2-slam-ekf-application/ros2_ws/build/my_ekf': CMAKE_PREFIX_PATH=/opt/ros/foxy /usr/bin/cmake /opt/my_workspace/ros2-slam-ekf-application/ros2_ws/src/my_ekf -DCMAKE_INSTALL_PREFIX=/opt/my_workspace/ros2-slam-ekf-application/ros2_ws/install/my_ekf
[1.000s] DEBUG:colcon.colcon_core.event_handler.log_command:Invoking command in '/opt/my_workspace/ros2-slam-ekf-application/ros2_ws/build/my_scanmatching': CMAKE_PREFIX_PATH=/opt/ros/foxy /usr/bin/cmake /opt/my_workspace/ros2-slam-ekf-application/ros2_ws/src/my_scanmatching -DCMAKE_INSTALL_PREFIX=/opt/my_workspace/ros2-slam-ekf-application/ros2_ws/install/my_scanmatching
[1.009s] DEBUG:colcon.colcon_core.event_handler.log_command:Invoking command in '/opt/my_workspace/ros2-slam-ekf-application/ros2_ws/build/my_slam': CMAKE_PREFIX_PATH=/opt/ros/foxy /usr/bin/cmake /opt/my_workspace/ros2-slam-ekf-application/ros2_ws/src/my_slam -DCMAKE_INSTALL_PREFIX=/opt/my_workspace/ros2-slam-ekf-application/ros2_ws/install/my_slam
[4.886s] DEBUG:colcon.colcon_core.event_handler.log_command:Invoked command in '/opt/my_workspace/ros2-slam-ekf-application/ros2_ws/build/my_slam' returned '0': CMAKE_PREFIX_PATH=/opt/ros/foxy /usr/bin/cmake /opt/my_workspace/ros2-slam-ekf-application/ros2_ws/src/my_slam -DCMAKE_INSTALL_PREFIX=/opt/my_workspace/ros2-slam-ekf-application/ros2_ws/install/my_slam
[4.891s] DEBUG:colcon.colcon_core.event_handler.log_command:Invoking command in '/opt/my_workspace/ros2-slam-ekf-application/ros2_ws/build/my_slam': CMAKE_PREFIX_PATH=/opt/ros/foxy /usr/bin/cmake --build /opt/my_workspace/ros2-slam-ekf-application/ros2_ws/build/my_slam -- -j12 -l12
[4.894s] DEBUG:colcon.colcon_core.event_handler.log_command:Invoked command in '/opt/my_workspace/ros2-slam-ekf-application/ros2_ws/build/chcv_msgs' returned '0': CMAKE_PREFIX_PATH=/opt/ros/foxy /usr/bin/cmake /opt/my_workspace/ros2-slam-ekf-application/ros2_ws/src/chcv_msgs -DCMAKE_INSTALL_PREFIX=/opt/my_workspace/ros2-slam-ekf-application/ros2_ws/install/chcv_msgs
[4.897s] DEBUG:colcon.colcon_core.event_handler.log_command:Invoking command in '/opt/my_workspace/ros2-slam-ekf-application/ros2_ws/build/chcv_msgs': CMAKE_PREFIX_PATH=/opt/ros/foxy /usr/bin/cmake --build /opt/my_workspace/ros2-slam-ekf-application/ros2_ws/build/chcv_msgs -- -j12 -l12
[4.897s] DEBUG:colcon.colcon_core.event_handler.log_command:Invoked command in '/opt/my_workspace/ros2-slam-ekf-application/ros2_ws/build/my_scanmatching' returned '0': CMAKE_PREFIX_PATH=/opt/ros/foxy /usr/bin/cmake /opt/my_workspace/ros2-slam-ekf-application/ros2_ws/src/my_scanmatching -DCMAKE_INSTALL_PREFIX=/opt/my_workspace/ros2-slam-ekf-application/ros2_ws/install/my_scanmatching
[4.900s] DEBUG:colcon.colcon_core.event_handler.log_command:Invoking command in '/opt/my_workspace/ros2-slam-ekf-application/ros2_ws/build/my_scanmatching': CMAKE_PREFIX_PATH=/opt/ros/foxy /usr/bin/cmake --build /opt/my_workspace/ros2-slam-ekf-application/ros2_ws/build/my_scanmatching -- -j12 -l12
[4.903s] DEBUG:colcon.colcon_core.event_handler.log_command:Invoked command in '/opt/my_workspace/ros2-slam-ekf-application/ros2_ws/build/my_ekf' returned '0': CMAKE_PREFIX_PATH=/opt/ros/foxy /usr/bin/cmake /opt/my_workspace/ros2-slam-ekf-application/ros2_ws/src/my_ekf -DCMAKE_INSTALL_PREFIX=/opt/my_workspace/ros2-slam-ekf-application/ros2_ws/install/my_ekf
[4.906s] DEBUG:colcon.colcon_core.event_handler.log_command:Invoking command in '/opt/my_workspace/ros2-slam-ekf-application/ros2_ws/build/my_ekf': CMAKE_PREFIX_PATH=/opt/ros/foxy /usr/bin/cmake --build /opt/my_workspace/ros2-slam-ekf-application/ros2_ws/build/my_ekf -- -j12 -l12
[4.939s] DEBUG:colcon.colcon_core.event_handler.log_command:Invoked command in '/opt/my_workspace/ros2-slam-ekf-application/ros2_ws/build/my_slam' returned '0': CMAKE_PREFIX_PATH=/opt/ros/foxy /usr/bin/cmake --build /opt/my_workspace/ros2-slam-ekf-application/ros2_ws/build/my_slam -- -j12 -l12
[4.951s] DEBUG:colcon.colcon_core.event_handler.log_command:Invoked command in '/opt/my_workspace/ros2-slam-ekf-application/ros2_ws/build/chcv_msgs' returned '0': CMAKE_PREFIX_PATH=/opt/ros/foxy /usr/bin/cmake --build /opt/my_workspace/ros2-slam-ekf-application/ros2_ws/build/chcv_msgs -- -j12 -l12
[4.959s] DEBUG:colcon.colcon_core.event_handler.log_command:Invoked command in '/opt/my_workspace/ros2-slam-ekf-application/ros2_ws/build/my_scanmatching' returned '0': CMAKE_PREFIX_PATH=/opt/ros/foxy /usr/bin/cmake --build /opt/my_workspace/ros2-slam-ekf-application/ros2_ws/build/my_scanmatching -- -j12 -l12
[4.964s] DEBUG:colcon.colcon_core.event_handler.log_command:Invoked command in '/opt/my_workspace/ros2-slam-ekf-application/ros2_ws/build/my_ekf' returned '0': CMAKE_PREFIX_PATH=/opt/ros/foxy /usr/bin/cmake --build /opt/my_workspace/ros2-slam-ekf-application/ros2_ws/build/my_ekf -- -j12 -l12
[4.983s] DEBUG:colcon.colcon_core.event_handler.log_command:Invoking command in '/opt/my_workspace/ros2-slam-ekf-application/ros2_ws/build/my_slam': CMAKE_PREFIX_PATH=/opt/ros/foxy /usr/bin/cmake --install /opt/my_workspace/ros2-slam-ekf-application/ros2_ws/build/my_slam
[4.987s] DEBUG:colcon.colcon_core.event_handler.log_command:Invoking command in '/opt/my_workspace/ros2-slam-ekf-application/ros2_ws/build/chcv_msgs': CMAKE_PREFIX_PATH=/opt/ros/foxy /usr/bin/cmake --install /opt/my_workspace/ros2-slam-ekf-application/ros2_ws/build/chcv_msgs
[4.991s] DEBUG:colcon.colcon_core.event_handler.log_command:Invoking command in '/opt/my_workspace/ros2-slam-ekf-application/ros2_ws/build/my_scanmatching': CMAKE_PREFIX_PATH=/opt/ros/foxy /usr/bin/cmake --install /opt/my_workspace/ros2-slam-ekf-application/ros2_ws/build/my_scanmatching
[5.001s] Level 1:colcon.colcon_core.environment:create_environment_scripts_only(my_slam)
[5.002s] DEBUG:colcon.colcon_core.event_handler.log_command:Invoking command in '/opt/my_workspace/ros2-slam-ekf-application/ros2_ws/build/my_ekf': CMAKE_PREFIX_PATH=/opt/ros/foxy /usr/bin/cmake --install /opt/my_workspace/ros2-slam-ekf-application/ros2_ws/build/my_ekf
[5.003s] DEBUG:colcon.colcon_core.event_handler.log_command:Invoked command in '/opt/my_workspace/ros2-slam-ekf-application/ros2_ws/build/my_slam' returned '0': CMAKE_PREFIX_PATH=/opt/ros/foxy /usr/bin/cmake --install /opt/my_workspace/ros2-slam-ekf-application/ros2_ws/build/my_slam
[5.042s] Level 1:colcon.colcon_core.environment:checking '/opt/my_workspace/ros2-slam-ekf-application/ros2_ws/install/my_slam' for CMake module files
[5.043s] Level 1:colcon.colcon_core.environment:checking '/opt/my_workspace/ros2-slam-ekf-application/ros2_ws/install/my_slam' for CMake config files
[5.044s] Level 1:colcon.colcon_core.shell:create_environment_hook('my_slam', 'cmake_prefix_path')
[5.045s] INFO:colcon.colcon_core.shell:Creating environment hook '/opt/my_workspace/ros2-slam-ekf-application/ros2_ws/install/my_slam/share/my_slam/hook/cmake_prefix_path.ps1'
[5.057s] INFO:colcon.colcon_core.shell:Creating environment descriptor '/opt/my_workspace/ros2-slam-ekf-application/ros2_ws/install/my_slam/share/my_slam/hook/cmake_prefix_path.dsv'
[5.069s] INFO:colcon.colcon_core.shell:Creating environment hook '/opt/my_workspace/ros2-slam-ekf-application/ros2_ws/install/my_slam/share/my_slam/hook/cmake_prefix_path.sh'
[5.070s] Level 1:colcon.colcon_core.environment:checking '/opt/my_workspace/ros2-slam-ekf-application/ros2_ws/install/my_slam/bin'
[5.071s] Level 1:colcon.colcon_core.environment:checking '/opt/my_workspace/ros2-slam-ekf-application/ros2_ws/install/my_slam/lib/pkgconfig/my_slam.pc'
[5.071s] Level 1:colcon.colcon_core.environment:checking '/opt/my_workspace/ros2-slam-ekf-application/ros2_ws/install/my_slam/lib/python3.8/site-packages'
[5.071s] Level 1:colcon.colcon_core.environment:checking '/opt/my_workspace/ros2-slam-ekf-application/ros2_ws/install/my_slam/bin'
[5.073s] INFO:colcon.colcon_core.shell:Creating package script '/opt/my_workspace/ros2-slam-ekf-application/ros2_ws/install/my_slam/share/my_slam/package.ps1'
[5.075s] INFO:colcon.colcon_core.shell:Creating package descriptor '/opt/my_workspace/ros2-slam-ekf-application/ros2_ws/install/my_slam/share/my_slam/package.dsv'
[5.076s] INFO:colcon.colcon_core.shell:Creating package script '/opt/my_workspace/ros2-slam-ekf-application/ros2_ws/install/my_slam/share/my_slam/package.sh'
[5.077s] INFO:colcon.colcon_core.shell:Creating package script '/opt/my_workspace/ros2-slam-ekf-application/ros2_ws/install/my_slam/share/my_slam/package.bash'
[5.094s] INFO:colcon.colcon_core.shell:Creating package script '/opt/my_workspace/ros2-slam-ekf-application/ros2_ws/install/my_slam/share/my_slam/package.zsh'
[5.095s] Level 1:colcon.colcon_core.environment:create_file_with_runtime_dependencies(/opt/my_workspace/ros2-slam-ekf-application/ros2_ws/install/my_slam/share/colcon-core/packages/my_slam)
[5.102s] Level 1:colcon.colcon_core.environment:create_environment_scripts_only(my_scanmatching)
[5.104s] Level 1:colcon.colcon_core.environment:checking '/opt/my_workspace/ros2-slam-ekf-application/ros2_ws/install/my_scanmatching' for CMake module files
[5.105s] DEBUG:colcon.colcon_core.event_handler.log_command:Invoked command in '/opt/my_workspace/ros2-slam-ekf-application/ros2_ws/build/my_scanmatching' returned '0': CMAKE_PREFIX_PATH=/opt/ros/foxy /usr/bin/cmake --install /opt/my_workspace/ros2-slam-ekf-application/ros2_ws/build/my_scanmatching
[5.105s] Level 1:colcon.colcon_core.environment:checking '/opt/my_workspace/ros2-slam-ekf-application/ros2_ws/install/my_scanmatching' for CMake config files
[5.106s] Level 1:colcon.colcon_core.shell:create_environment_hook('my_scanmatching', 'cmake_prefix_path')
[5.106s] INFO:colcon.colcon_core.shell:Creating environment hook '/opt/my_workspace/ros2-slam-ekf-application/ros2_ws/install/my_scanmatching/share/my_scanmatching/hook/cmake_prefix_path.ps1'
[5.107s] INFO:colcon.colcon_core.shell:Creating environment descriptor '/opt/my_workspace/ros2-slam-ekf-application/ros2_ws/install/my_scanmatching/share/my_scanmatching/hook/cmake_prefix_path.dsv'
[5.107s] INFO:colcon.colcon_core.shell:Creating environment hook '/opt/my_workspace/ros2-slam-ekf-application/ros2_ws/install/my_scanmatching/share/my_scanmatching/hook/cmake_prefix_path.sh'
[5.108s] Level 1:colcon.colcon_core.environment:checking '/opt/my_workspace/ros2-slam-ekf-application/ros2_ws/install/my_scanmatching/bin'
[5.108s] Level 1:colcon.colcon_core.environment:checking '/opt/my_workspace/ros2-slam-ekf-application/ros2_ws/install/my_scanmatching/lib/pkgconfig/my_scanmatching.pc'
[5.108s] Level 1:colcon.colcon_core.environment:checking '/opt/my_workspace/ros2-slam-ekf-application/ros2_ws/install/my_scanmatching/lib/python3.8/site-packages'
[5.108s] Level 1:colcon.colcon_core.environment:checking '/opt/my_workspace/ros2-slam-ekf-application/ros2_ws/install/my_scanmatching/bin'
[5.109s] INFO:colcon.colcon_core.shell:Creating package script '/opt/my_workspace/ros2-slam-ekf-application/ros2_ws/install/my_scanmatching/share/my_scanmatching/package.ps1'
[5.109s] INFO:colcon.colcon_core.shell:Creating package descriptor '/opt/my_workspace/ros2-slam-ekf-application/ros2_ws/install/my_scanmatching/share/my_scanmatching/package.dsv'
[5.110s] INFO:colcon.colcon_core.shell:Creating package script '/opt/my_workspace/ros2-slam-ekf-application/ros2_ws/install/my_scanmatching/share/my_scanmatching/package.sh'
[5.110s] INFO:colcon.colcon_core.shell:Creating package script '/opt/my_workspace/ros2-slam-ekf-application/ros2_ws/install/my_scanmatching/share/my_scanmatching/package.bash'
[5.111s] INFO:colcon.colcon_core.shell:Creating package script '/opt/my_workspace/ros2-slam-ekf-application/ros2_ws/install/my_scanmatching/share/my_scanmatching/package.zsh'
[5.111s] Level 1:colcon.colcon_core.environment:create_file_with_runtime_dependencies(/opt/my_workspace/ros2-slam-ekf-application/ros2_ws/install/my_scanmatching/share/colcon-core/packages/my_scanmatching)
[5.115s] Level 1:colcon.colcon_core.environment:create_environment_scripts_only(my_ekf)
[5.116s] Level 1:colcon.colcon_core.environment:checking '/opt/my_workspace/ros2-slam-ekf-application/ros2_ws/install/my_ekf' for CMake module files
[5.118s] DEBUG:colcon.colcon_core.event_handler.log_command:Invoked command in '/opt/my_workspace/ros2-slam-ekf-application/ros2_ws/build/my_ekf' returned '0': CMAKE_PREFIX_PATH=/opt/ros/foxy /usr/bin/cmake --install /opt/my_workspace/ros2-slam-ekf-application/ros2_ws/build/my_ekf
[5.118s] Level 1:colcon.colcon_core.environment:checking '/opt/my_workspace/ros2-slam-ekf-application/ros2_ws/install/my_ekf' for CMake config files
[5.118s] Level 1:colcon.colcon_core.shell:create_environment_hook('my_ekf', 'cmake_prefix_path')
[5.119s] INFO:colcon.colcon_core.shell:Creating environment hook '/opt/my_workspace/ros2-slam-ekf-application/ros2_ws/install/my_ekf/share/my_ekf/hook/cmake_prefix_path.ps1'
[5.119s] INFO:colcon.colcon_core.shell:Creating environment descriptor '/opt/my_workspace/ros2-slam-ekf-application/ros2_ws/install/my_ekf/share/my_ekf/hook/cmake_prefix_path.dsv'
[5.120s] INFO:colcon.colcon_core.shell:Creating environment hook '/opt/my_workspace/ros2-slam-ekf-application/ros2_ws/install/my_ekf/share/my_ekf/hook/cmake_prefix_path.sh'
[5.120s] Level 1:colcon.colcon_core.environment:checking '/opt/my_workspace/ros2-slam-ekf-application/ros2_ws/install/my_ekf/bin'
[5.120s] Level 1:colcon.colcon_core.environment:checking '/opt/my_workspace/ros2-slam-ekf-application/ros2_ws/install/my_ekf/lib/pkgconfig/my_ekf.pc'
[5.121s] Level 1:colcon.colcon_core.environment:checking '/opt/my_workspace/ros2-slam-ekf-application/ros2_ws/install/my_ekf/lib/python3.8/site-packages'
[5.121s] Level 1:colcon.colcon_core.environment:checking '/opt/my_workspace/ros2-slam-ekf-application/ros2_ws/install/my_ekf/bin'
[5.121s] INFO:colcon.colcon_core.shell:Creating package script '/opt/my_workspace/ros2-slam-ekf-application/ros2_ws/install/my_ekf/share/my_ekf/package.ps1'
[5.122s] INFO:colcon.colcon_core.shell:Creating package descriptor '/opt/my_workspace/ros2-slam-ekf-application/ros2_ws/install/my_ekf/share/my_ekf/package.dsv'
[5.122s] INFO:colcon.colcon_core.shell:Creating package script '/opt/my_workspace/ros2-slam-ekf-application/ros2_ws/install/my_ekf/share/my_ekf/package.sh'
[5.123s] INFO:colcon.colcon_core.shell:Creating package script '/opt/my_workspace/ros2-slam-ekf-application/ros2_ws/install/my_ekf/share/my_ekf/package.bash'
[5.123s] INFO:colcon.colcon_core.shell:Creating package script '/opt/my_workspace/ros2-slam-ekf-application/ros2_ws/install/my_ekf/share/my_ekf/package.zsh'
[5.123s] Level 1:colcon.colcon_core.environment:create_file_with_runtime_dependencies(/opt/my_workspace/ros2-slam-ekf-application/ros2_ws/install/my_ekf/share/colcon-core/packages/my_ekf)
[5.127s] Level 1:colcon.colcon_core.environment:create_environment_scripts_only(chcv_msgs)
[5.129s] Level 1:colcon.colcon_core.environment:checking '/opt/my_workspace/ros2-slam-ekf-application/ros2_ws/install/chcv_msgs' for CMake module files
[5.130s] DEBUG:colcon.colcon_core.event_handler.log_command:Invoked command in '/opt/my_workspace/ros2-slam-ekf-application/ros2_ws/build/chcv_msgs' returned '0': CMAKE_PREFIX_PATH=/opt/ros/foxy /usr/bin/cmake --install /opt/my_workspace/ros2-slam-ekf-application/ros2_ws/build/chcv_msgs
[5.130s] Level 1:colcon.colcon_core.environment:checking '/opt/my_workspace/ros2-slam-ekf-application/ros2_ws/install/chcv_msgs' for CMake config files
[5.130s] Level 1:colcon.colcon_core.shell:create_environment_hook('chcv_msgs', 'cmake_prefix_path')
[5.131s] INFO:colcon.colcon_core.shell:Creating environment hook '/opt/my_workspace/ros2-slam-ekf-application/ros2_ws/install/chcv_msgs/share/chcv_msgs/hook/cmake_prefix_path.ps1'
[5.131s] INFO:colcon.colcon_core.shell:Creating environment descriptor '/opt/my_workspace/ros2-slam-ekf-application/ros2_ws/install/chcv_msgs/share/chcv_msgs/hook/cmake_prefix_path.dsv'
[5.132s] INFO:colcon.colcon_core.shell:Creating environment hook '/opt/my_workspace/ros2-slam-ekf-application/ros2_ws/install/chcv_msgs/share/chcv_msgs/hook/cmake_prefix_path.sh'
[5.132s] Level 1:colcon.colcon_core.environment:checking '/opt/my_workspace/ros2-slam-ekf-application/ros2_ws/install/chcv_msgs/bin'
[5.132s] Level 1:colcon.colcon_core.environment:checking '/opt/my_workspace/ros2-slam-ekf-application/ros2_ws/install/chcv_msgs/lib/pkgconfig/chcv_msgs.pc'
[5.132s] Level 1:colcon.colcon_core.environment:checking '/opt/my_workspace/ros2-slam-ekf-application/ros2_ws/install/chcv_msgs/lib/python3.8/site-packages'
[5.133s] Level 1:colcon.colcon_core.environment:checking '/opt/my_workspace/ros2-slam-ekf-application/ros2_ws/install/chcv_msgs/bin'
[5.133s] INFO:colcon.colcon_core.shell:Creating package script '/opt/my_workspace/ros2-slam-ekf-application/ros2_ws/install/chcv_msgs/share/chcv_msgs/package.ps1'
[5.134s] INFO:colcon.colcon_core.shell:Creating package descriptor '/opt/my_workspace/ros2-slam-ekf-application/ros2_ws/install/chcv_msgs/share/chcv_msgs/package.dsv'
[5.134s] INFO:colcon.colcon_core.shell:Creating package script '/opt/my_workspace/ros2-slam-ekf-application/ros2_ws/install/chcv_msgs/share/chcv_msgs/package.sh'
[5.134s] INFO:colcon.colcon_core.shell:Creating package script '/opt/my_workspace/ros2-slam-ekf-application/ros2_ws/install/chcv_msgs/share/chcv_msgs/package.bash'
[5.134s] INFO:colcon.colcon_core.shell:Creating package script '/opt/my_workspace/ros2-slam-ekf-application/ros2_ws/install/chcv_msgs/share/chcv_msgs/package.zsh'
[5.135s] Level 1:colcon.colcon_core.environment:create_file_with_runtime_dependencies(/opt/my_workspace/ros2-slam-ekf-application/ros2_ws/install/chcv_msgs/share/colcon-core/packages/chcv_msgs)
[5.141s] Level 1:colcon.colcon_core.environment:create_environment_scripts_only(my_slam)
[5.142s] Level 1:colcon.colcon_core.environment:checking '/opt/my_workspace/ros2-slam-ekf-application/ros2_ws/install/my_slam' for CMake module files
[5.143s] Level 1:colcon.colcon_core.environment:checking '/opt/my_workspace/ros2-slam-ekf-application/ros2_ws/install/my_slam' for CMake config files
[5.143s] Level 1:colcon.colcon_core.shell:create_environment_hook('my_slam', 'cmake_prefix_path')
[5.144s] INFO:colcon.colcon_core.shell:Creating environment hook '/opt/my_workspace/ros2-slam-ekf-application/ros2_ws/install/my_slam/share/my_slam/hook/cmake_prefix_path.ps1'
[5.144s] INFO:colcon.colcon_core.shell:Creating environment descriptor '/opt/my_workspace/ros2-slam-ekf-application/ros2_ws/install/my_slam/share/my_slam/hook/cmake_prefix_path.dsv'
[5.145s] INFO:colcon.colcon_core.shell:Creating environment hook '/opt/my_workspace/ros2-slam-ekf-application/ros2_ws/install/my_slam/share/my_slam/hook/cmake_prefix_path.sh'
[5.145s] Level 1:colcon.colcon_core.environment:checking '/opt/my_workspace/ros2-slam-ekf-application/ros2_ws/install/my_slam/bin'
[5.145s] Level 1:colcon.colcon_core.environment:checking '/opt/my_workspace/ros2-slam-ekf-application/ros2_ws/install/my_slam/lib/pkgconfig/my_slam.pc'
[5.145s] Level 1:colcon.colcon_core.environment:checking '/opt/my_workspace/ros2-slam-ekf-application/ros2_ws/install/my_slam/lib/python3.8/site-packages'
[5.146s] Level 1:colcon.colcon_core.environment:checking '/opt/my_workspace/ros2-slam-ekf-application/ros2_ws/install/my_slam/bin'
[5.146s] INFO:colcon.colcon_core.shell:Creating package script '/opt/my_workspace/ros2-slam-ekf-application/ros2_ws/install/my_slam/share/my_slam/package.ps1'
[5.147s] INFO:colcon.colcon_core.shell:Creating package descriptor '/opt/my_workspace/ros2-slam-ekf-application/ros2_ws/install/my_slam/share/my_slam/package.dsv'
[5.148s] INFO:colcon.colcon_core.shell:Creating package script '/opt/my_workspace/ros2-slam-ekf-application/ros2_ws/install/my_slam/share/my_slam/package.sh'
[5.148s] INFO:colcon.colcon_core.shell:Creating package script '/opt/my_workspace/ros2-slam-ekf-application/ros2_ws/install/my_slam/share/my_slam/package.bash'
[5.149s] INFO:colcon.colcon_core.shell:Creating package script '/opt/my_workspace/ros2-slam-ekf-application/ros2_ws/install/my_slam/share/my_slam/package.zsh'
[5.149s] Level 1:colcon.colcon_core.environment:create_file_with_runtime_dependencies(/opt/my_workspace/ros2-slam-ekf-application/ros2_ws/install/my_slam/share/colcon-core/packages/my_slam)
[5.150s] Level 1:colcon.colcon_core.environment:create_environment_scripts_only(my_scanmatching)
[5.151s] Level 1:colcon.colcon_core.environment:checking '/opt/my_workspace/ros2-slam-ekf-application/ros2_ws/install/my_scanmatching' for CMake module files
[5.152s] Level 1:colcon.colcon_core.environment:checking '/opt/my_workspace/ros2-slam-ekf-application/ros2_ws/install/my_scanmatching' for CMake config files
[5.152s] Level 1:colcon.colcon_core.shell:create_environment_hook('my_scanmatching', 'cmake_prefix_path')
[5.153s] INFO:colcon.colcon_core.shell:Creating environment hook '/opt/my_workspace/ros2-slam-ekf-application/ros2_ws/install/my_scanmatching/share/my_scanmatching/hook/cmake_prefix_path.ps1'
[5.153s] INFO:colcon.colcon_core.shell:Creating environment descriptor '/opt/my_workspace/ros2-slam-ekf-application/ros2_ws/install/my_scanmatching/share/my_scanmatching/hook/cmake_prefix_path.dsv'
[5.154s] INFO:colcon.colcon_core.shell:Creating environment hook '/opt/my_workspace/ros2-slam-ekf-application/ros2_ws/install/my_scanmatching/share/my_scanmatching/hook/cmake_prefix_path.sh'
[5.154s] Level 1:colcon.colcon_core.environment:checking '/opt/my_workspace/ros2-slam-ekf-application/ros2_ws/install/my_scanmatching/bin'
[5.154s] Level 1:colcon.colcon_core.environment:checking '/opt/my_workspace/ros2-slam-ekf-application/ros2_ws/install/my_scanmatching/lib/pkgconfig/my_scanmatching.pc'
[5.154s] Level 1:colcon.colcon_core.environment:checking '/opt/my_workspace/ros2-slam-ekf-application/ros2_ws/install/my_scanmatching/lib/python3.8/site-packages'
[5.154s] Level 1:colcon.colcon_core.environment:checking '/opt/my_workspace/ros2-slam-ekf-application/ros2_ws/install/my_scanmatching/bin'
[5.155s] INFO:colcon.colcon_core.shell:Creating package script '/opt/my_workspace/ros2-slam-ekf-application/ros2_ws/install/my_scanmatching/share/my_scanmatching/package.ps1'
[5.155s] INFO:colcon.colcon_core.shell:Creating package descriptor '/opt/my_workspace/ros2-slam-ekf-application/ros2_ws/install/my_scanmatching/share/my_scanmatching/package.dsv'
[5.156s] INFO:colcon.colcon_core.shell:Creating package script '/opt/my_workspace/ros2-slam-ekf-application/ros2_ws/install/my_scanmatching/share/my_scanmatching/package.sh'
[5.156s] INFO:colcon.colcon_core.shell:Creating package script '/opt/my_workspace/ros2-slam-ekf-application/ros2_ws/install/my_scanmatching/share/my_scanmatching/package.bash'
[5.156s] INFO:colcon.colcon_core.shell:Creating package script '/opt/my_workspace/ros2-slam-ekf-application/ros2_ws/install/my_scanmatching/share/my_scanmatching/package.zsh'
[5.157s] Level 1:colcon.colcon_core.environment:create_file_with_runtime_dependencies(/opt/my_workspace/ros2-slam-ekf-application/ros2_ws/install/my_scanmatching/share/colcon-core/packages/my_scanmatching)
[5.158s] Level 1:colcon.colcon_core.environment:create_environment_scripts_only(my_ekf)
[5.159s] Level 1:colcon.colcon_core.environment:checking '/opt/my_workspace/ros2-slam-ekf-application/ros2_ws/install/my_ekf' for CMake module files
[5.160s] Level 1:colcon.colcon_core.environment:checking '/opt/my_workspace/ros2-slam-ekf-application/ros2_ws/install/my_ekf' for CMake config files
[5.160s] Level 1:colcon.colcon_core.shell:create_environment_hook('my_ekf', 'cmake_prefix_path')
[5.160s] INFO:colcon.colcon_core.shell:Creating environment hook '/opt/my_workspace/ros2-slam-ekf-application/ros2_ws/install/my_ekf/share/my_ekf/hook/cmake_prefix_path.ps1'
[5.161s] INFO:colcon.colcon_core.shell:Creating environment descriptor '/opt/my_workspace/ros2-slam-ekf-application/ros2_ws/install/my_ekf/share/my_ekf/hook/cmake_prefix_path.dsv'
[5.161s] INFO:colcon.colcon_core.shell:Creating environment hook '/opt/my_workspace/ros2-slam-ekf-application/ros2_ws/install/my_ekf/share/my_ekf/hook/cmake_prefix_path.sh'
[5.161s] Level 1:colcon.colcon_core.environment:checking '/opt/my_workspace/ros2-slam-ekf-application/ros2_ws/install/my_ekf/bin'
[5.162s] Level 1:colcon.colcon_core.environment:checking '/opt/my_workspace/ros2-slam-ekf-application/ros2_ws/install/my_ekf/lib/pkgconfig/my_ekf.pc'
[5.162s] Level 1:colcon.colcon_core.environment:checking '/opt/my_workspace/ros2-slam-ekf-application/ros2_ws/install/my_ekf/lib/python3.8/site-packages'
[5.162s] Level 1:colcon.colcon_core.environment:checking '/opt/my_workspace/ros2-slam-ekf-application/ros2_ws/install/my_ekf/bin'
[5.162s] INFO:colcon.colcon_core.shell:Creating package script '/opt/my_workspace/ros2-slam-ekf-application/ros2_ws/install/my_ekf/share/my_ekf/package.ps1'
[5.163s] INFO:colcon.colcon_core.shell:Creating package descriptor '/opt/my_workspace/ros2-slam-ekf-application/ros2_ws/install/my_ekf/share/my_ekf/package.dsv'
[5.163s] INFO:colcon.colcon_core.shell:Creating package script '/opt/my_workspace/ros2-slam-ekf-application/ros2_ws/install/my_ekf/share/my_ekf/package.sh'
[5.164s] INFO:colcon.colcon_core.shell:Creating package script '/opt/my_workspace/ros2-slam-ekf-application/ros2_ws/install/my_ekf/share/my_ekf/package.bash'
[5.164s] INFO:colcon.colcon_core.shell:Creating package script '/opt/my_workspace/ros2-slam-ekf-application/ros2_ws/install/my_ekf/share/my_ekf/package.zsh'
[5.165s] Level 1:colcon.colcon_core.environment:create_file_with_runtime_dependencies(/opt/my_workspace/ros2-slam-ekf-application/ros2_ws/install/my_ekf/share/colcon-core/packages/my_ekf)
[5.166s] Level 1:colcon.colcon_core.environment:create_environment_scripts_only(chcv_msgs)
[5.167s] Level 1:colcon.colcon_core.environment:checking '/opt/my_workspace/ros2-slam-ekf-application/ros2_ws/install/chcv_msgs' for CMake module files
[5.169s] Level 1:colcon.colcon_core.environment:checking '/opt/my_workspace/ros2-slam-ekf-application/ros2_ws/install/chcv_msgs' for CMake config files
[5.169s] Level 1:colcon.colcon_core.shell:create_environment_hook('chcv_msgs', 'cmake_prefix_path')
[5.169s] INFO:colcon.colcon_core.shell:Creating environment hook '/opt/my_workspace/ros2-slam-ekf-application/ros2_ws/install/chcv_msgs/share/chcv_msgs/hook/cmake_prefix_path.ps1'
[5.170s] INFO:colcon.colcon_core.shell:Creating environment descriptor '/opt/my_workspace/ros2-slam-ekf-application/ros2_ws/install/chcv_msgs/share/chcv_msgs/hook/cmake_prefix_path.dsv'
[5.170s] INFO:colcon.colcon_core.shell:Creating environment hook '/opt/my_workspace/ros2-slam-ekf-application/ros2_ws/install/chcv_msgs/share/chcv_msgs/hook/cmake_prefix_path.sh'
[5.170s] Level 1:colcon.colcon_core.environment:checking '/opt/my_workspace/ros2-slam-ekf-application/ros2_ws/install/chcv_msgs/bin'
[5.171s] Level 1:colcon.colcon_core.environment:checking '/opt/my_workspace/ros2-slam-ekf-application/ros2_ws/install/chcv_msgs/lib/pkgconfig/chcv_msgs.pc'
[5.171s] Level 1:colcon.colcon_core.environment:checking '/opt/my_workspace/ros2-slam-ekf-application/ros2_ws/install/chcv_msgs/lib/python3.8/site-packages'
[5.171s] Level 1:colcon.colcon_core.environment:checking '/opt/my_workspace/ros2-slam-ekf-application/ros2_ws/install/chcv_msgs/bin'
[5.172s] INFO:colcon.colcon_core.shell:Creating package script '/opt/my_workspace/ros2-slam-ekf-application/ros2_ws/install/chcv_msgs/share/chcv_msgs/package.ps1'
[5.172s] INFO:colcon.colcon_core.shell:Creating package descriptor '/opt/my_workspace/ros2-slam-ekf-application/ros2_ws/install/chcv_msgs/share/chcv_msgs/package.dsv'
[5.172s] INFO:colcon.colcon_core.shell:Creating package script '/opt/my_workspace/ros2-slam-ekf-application/ros2_ws/install/chcv_msgs/share/chcv_msgs/package.sh'
[5.173s] INFO:colcon.colcon_core.shell:Creating package script '/opt/my_workspace/ros2-slam-ekf-application/ros2_ws/install/chcv_msgs/share/chcv_msgs/package.bash'
[5.173s] INFO:colcon.colcon_core.shell:Creating package script '/opt/my_workspace/ros2-slam-ekf-application/ros2_ws/install/chcv_msgs/share/chcv_msgs/package.zsh'
[5.173s] Level 1:colcon.colcon_core.environment:create_file_with_runtime_dependencies(/opt/my_workspace/ros2-slam-ekf-application/ros2_ws/install/chcv_msgs/share/colcon-core/packages/chcv_msgs)
[5.174s] DEBUG:colcon.colcon_parallel_executor.executor.parallel:closing loop
[5.174s] DEBUG:colcon.colcon_parallel_executor.executor.parallel:loop closed
[5.174s] DEBUG:colcon.colcon_parallel_executor.executor.parallel:run_until_complete finished with '0'
[5.174s] DEBUG:colcon.colcon_core.event_reactor:joining thread
[5.256s] INFO:colcon.colcon_core.plugin_system:Skipping extension 'colcon_notification.desktop_notification.terminal_notifier': Not used on non-Darwin systems
[5.256s] INFO:colcon.colcon_core.plugin_system:Skipping extension 'colcon_notification.desktop_notification.win32': Not used on non-Windows systems
[5.259s] INFO:colcon.colcon_notification.desktop_notification:Sending desktop notification using 'notify2'
[5.285s] DEBUG:colcon.colcon_core.event_reactor:joined thread
[5.286s] INFO:colcon.colcon_core.shell:Creating prefix script '/opt/my_workspace/ros2-slam-ekf-application/ros2_ws/install/local_setup.ps1'
[5.296s] INFO:colcon.colcon_core.shell:Creating prefix util module '/opt/my_workspace/ros2-slam-ekf-application/ros2_ws/install/_local_setup_util_ps1.py'
[5.322s] INFO:colcon.colcon_core.shell:Creating prefix chain script '/opt/my_workspace/ros2-slam-ekf-application/ros2_ws/install/setup.ps1'
[5.325s] INFO:colcon.colcon_core.shell:Creating prefix script '/opt/my_workspace/ros2-slam-ekf-application/ros2_ws/install/local_setup.sh'
[5.326s] INFO:colcon.colcon_core.shell:Creating prefix util module '/opt/my_workspace/ros2-slam-ekf-application/ros2_ws/install/_local_setup_util_sh.py'
[5.327s] INFO:colcon.colcon_core.shell:Creating prefix chain script '/opt/my_workspace/ros2-slam-ekf-application/ros2_ws/install/setup.sh'
[5.329s] INFO:colcon.colcon_core.shell:Creating prefix script '/opt/my_workspace/ros2-slam-ekf-application/ros2_ws/install/local_setup.bash'
[5.343s] INFO:colcon.colcon_core.shell:Creating prefix chain script '/opt/my_workspace/ros2-slam-ekf-application/ros2_ws/install/setup.bash'
[5.369s] INFO:colcon.colcon_core.shell:Creating prefix script '/opt/my_workspace/ros2-slam-ekf-application/ros2_ws/install/local_setup.zsh'
[5.370s] INFO:colcon.colcon_core.shell:Creating prefix chain script '/opt/my_workspace/ros2-slam-ekf-application/ros2_ws/install/setup.zsh'
