[0.055s] Invoking command in '/opt/my_workspace/ros2-slam-ekf-application/ros2_ws/build/my_scanmatching': CMAKE_PREFIX_PATH=/opt/ros/foxy /usr/bin/cmake /opt/my_workspace/ros2-slam-ekf-application/ros2_ws/src/my_scanmatching -DCMAKE_INSTALL_PREFIX=/opt/my_workspace/ros2-slam-ekf-application/ros2_ws/install/my_scanmatching
[0.576s] -- The C compiler identification is GNU 9.4.0
[0.876s] -- The CXX compiler identification is GNU 9.4.0
[0.908s] -- Check for working C compiler: /usr/bin/cc
[1.098s] -- Check for working C compiler: /usr/bin/cc -- works
[1.100s] -- Detecting C compiler ABI info
[1.210s] -- Detecting C compiler ABI info - done
[1.233s] -- Detecting C compile features
[1.234s] -- Detecting C compile features - done
[1.239s] -- Check for working CXX compiler: /usr/bin/c++
[1.329s] -- Check for working CXX compiler: /usr/bin/c++ -- works
[1.330s] -- Detecting CXX compiler ABI info
[1.426s] -- Detecting CXX compiler ABI info - done
[1.443s] -- Detecting CXX compile features
[1.443s] -- Detecting CXX compile features - done
[1.480s] -- Found ament_cmake: 0.9.9 (/opt/ros/foxy/share/ament_cmake/cmake)
[1.572s] -- Found PythonInterp: /usr/bin/python3 (found suitable version "3.8.10", minimum required is "3") 
[1.573s] -- Using PYTHON_EXECUTABLE: /usr/bin/python3
[2.007s] -- Found rclcpp: 2.4.1 (/opt/ros/foxy/share/rclcpp/cmake)
[2.256s] -- Using all available rosidl_typesupport_c: rosidl_typesupport_fastrtps_c;rosidl_typesupport_introspection_c
[2.283s] -- Found rosidl_adapter: 1.2.1 (/opt/ros/foxy/share/rosidl_adapter/cmake)
[2.579s] -- Found OpenSSL: /usr/lib/x86_64-linux-gnu/libcrypto.so (found version "1.1.1f")  
[2.644s] -- Found FastRTPS: /opt/ros/foxy/include  
[2.790s] -- Using all available rosidl_typesupport_cpp: rosidl_typesupport_fastrtps_cpp;rosidl_typesupport_introspection_cpp
[2.924s] -- Found rmw_implementation_cmake: 1.0.3 (/opt/ros/foxy/share/rmw_implementation_cmake/cmake)
[2.928s] -- Using RMW implementation 'rmw_fastrtps_cpp' as default
[2.951s] -- Looking for pthread.h
[3.046s] -- Looking for pthread.h - found
[3.047s] -- Performing Test CMAKE_HAVE_LIBC_PTHREAD
[3.157s] -- Performing Test CMAKE_HAVE_LIBC_PTHREAD - Failed
[3.158s] -- Looking for pthread_create in pthreads
[3.269s] -- Looking for pthread_create in pthreads - not found
[3.269s] -- Looking for pthread_create in pthread
[3.371s] -- Looking for pthread_create in pthread - found
[3.372s] -- Found Threads: TRUE  
[3.762s] -- Found ament_lint_auto: 0.9.6 (/opt/ros/foxy/share/ament_lint_auto/cmake)
[3.923s] -- Added test 'copyright' to check source files copyright and LICENSE
[3.927s] -- Added test 'lint_cmake' to check CMake code style
[3.930s] -- Added test 'xmllint' to check XML markup files
[3.934s] -- Configuring done
[3.937s] -- Generating done
[3.939s] -- Build files have been written to: /opt/my_workspace/ros2-slam-ekf-application/ros2_ws/build/my_scanmatching
[3.952s] Invoked command in '/opt/my_workspace/ros2-slam-ekf-application/ros2_ws/build/my_scanmatching' returned '0': CMAKE_PREFIX_PATH=/opt/ros/foxy /usr/bin/cmake /opt/my_workspace/ros2-slam-ekf-application/ros2_ws/src/my_scanmatching -DCMAKE_INSTALL_PREFIX=/opt/my_workspace/ros2-slam-ekf-application/ros2_ws/install/my_scanmatching
[3.955s] Invoking command in '/opt/my_workspace/ros2-slam-ekf-application/ros2_ws/build/my_scanmatching': CMAKE_PREFIX_PATH=/opt/ros/foxy /usr/bin/cmake --build /opt/my_workspace/ros2-slam-ekf-application/ros2_ws/build/my_scanmatching -- -j12 -l12
[4.014s] Invoked command in '/opt/my_workspace/ros2-slam-ekf-application/ros2_ws/build/my_scanmatching' returned '0': CMAKE_PREFIX_PATH=/opt/ros/foxy /usr/bin/cmake --build /opt/my_workspace/ros2-slam-ekf-application/ros2_ws/build/my_scanmatching -- -j12 -l12
[4.045s] Invoking command in '/opt/my_workspace/ros2-slam-ekf-application/ros2_ws/build/my_scanmatching': CMAKE_PREFIX_PATH=/opt/ros/foxy /usr/bin/cmake --install /opt/my_workspace/ros2-slam-ekf-application/ros2_ws/build/my_scanmatching
[4.058s] -- Install configuration: ""
[4.058s] -- Installing: /opt/my_workspace/ros2-slam-ekf-application/ros2_ws/install/my_scanmatching/share/ament_index/resource_index/package_run_dependencies/my_scanmatching
[4.058s] -- Installing: /opt/my_workspace/ros2-slam-ekf-application/ros2_ws/install/my_scanmatching/share/ament_index/resource_index/parent_prefix_path/my_scanmatching
[4.058s] -- Installing: /opt/my_workspace/ros2-slam-ekf-application/ros2_ws/install/my_scanmatching/share/my_scanmatching/environment/ament_prefix_path.sh
[4.059s] -- Installing: /opt/my_workspace/ros2-slam-ekf-application/ros2_ws/install/my_scanmatching/share/my_scanmatching/environment/ament_prefix_path.dsv
[4.059s] -- Installing: /opt/my_workspace/ros2-slam-ekf-application/ros2_ws/install/my_scanmatching/share/my_scanmatching/environment/path.sh
[4.059s] -- Installing: /opt/my_workspace/ros2-slam-ekf-application/ros2_ws/install/my_scanmatching/share/my_scanmatching/environment/path.dsv
[4.059s] -- Installing: /opt/my_workspace/ros2-slam-ekf-application/ros2_ws/install/my_scanmatching/share/my_scanmatching/local_setup.bash
[4.059s] -- Installing: /opt/my_workspace/ros2-slam-ekf-application/ros2_ws/install/my_scanmatching/share/my_scanmatching/local_setup.sh
[4.059s] -- Installing: /opt/my_workspace/ros2-slam-ekf-application/ros2_ws/install/my_scanmatching/share/my_scanmatching/local_setup.zsh
[4.059s] -- Installing: /opt/my_workspace/ros2-slam-ekf-application/ros2_ws/install/my_scanmatching/share/my_scanmatching/local_setup.dsv
[4.059s] -- Installing: /opt/my_workspace/ros2-slam-ekf-application/ros2_ws/install/my_scanmatching/share/my_scanmatching/package.dsv
[4.060s] -- Installing: /opt/my_workspace/ros2-slam-ekf-application/ros2_ws/install/my_scanmatching/share/ament_index/resource_index/packages/my_scanmatching
[4.060s] -- Installing: /opt/my_workspace/ros2-slam-ekf-application/ros2_ws/install/my_scanmatching/share/my_scanmatching/cmake/my_scanmatchingConfig.cmake
[4.060s] -- Installing: /opt/my_workspace/ros2-slam-ekf-application/ros2_ws/install/my_scanmatching/share/my_scanmatching/cmake/my_scanmatchingConfig-version.cmake
[4.060s] -- Installing: /opt/my_workspace/ros2-slam-ekf-application/ros2_ws/install/my_scanmatching/share/my_scanmatching/package.xml
[4.160s] Invoked command in '/opt/my_workspace/ros2-slam-ekf-application/ros2_ws/build/my_scanmatching' returned '0': CMAKE_PREFIX_PATH=/opt/ros/foxy /usr/bin/cmake --install /opt/my_workspace/ros2-slam-ekf-application/ros2_ws/build/my_scanmatching
